{"name":"test002","id":"com.studentapp.junit.FirstSerenityTest:test002","testCaseName":"com.studentapp.junit.FirstSerenityTest","userStory":{"id":"com.studentapp.junit.FirstSerenityTest","storyName":"First serenity test","storyClassName":"com.studentapp.junit.FirstSerenityTest","path":"com.studentapp.junit","type":"story"},"featureTag":{"name":"Junit/First serenity test","type":"story"},"title":"verify error test","tags":[{"name":"Junit/First serenity test","type":"story"}],"startTime":"2018-06-22T10:29:05.603+01:00[Europe/London]","duration":124,"testFailureCause":{"errorType":"java.lang.AssertionError","message":"1 expectation failed.\nExpected status code \u003c300\u003e but was \u003c200\u003e.\n","stackTrace":[{"declaringClass":"io.restassured.internal.ResponseSpecificationImpl","methodName":"validateResponseIfRequired","fileName":"ResponseSpecificationImpl.groovy","lineNumber":643},{"declaringClass":"io.restassured.internal.ResponseSpecificationImpl","methodName":"statusCode","fileName":"ResponseSpecificationImpl.groovy","lineNumber":122},{"declaringClass":"io.restassured.internal.ResponseSpecificationImpl","methodName":"statusCode","fileName":"ResponseSpecificationImpl.groovy","lineNumber":130},{"declaringClass":"io.restassured.internal.ValidatableResponseOptionsImpl","methodName":"statusCode","fileName":"ValidatableResponseOptionsImpl.java","lineNumber":117},{"declaringClass":"com.studentapp.junit.FirstSerenityTest","methodName":"test002","fileName":"FirstSerenityTest.java","lineNumber":41}]},"testFailureClassname":"java.lang.AssertionError","testFailureMessage":"1 expectation failed.\nExpected status code \u003c300\u003e but was \u003c200\u003e.\n","testFailureSummary":"FAILURE;java.lang.AssertionError;1 expectation failed.\nExpected status code \u003c300\u003e but was \u003c200\u003e.\n;ResponseSpecificationImpl.groovy","projectKey":"","annotatedResult":"FAILURE","manual":false,"testSource":"JUnit","result":"FAILURE"}