<?xml version="1.0" encoding="UTF-8"?><testsuite errors="0" failures="0" name="com.studentapp.junit.SerenityStudentCrudTest" skipped="0" tests="3" time="5.92" timestamp="2018-06-22 12:26:04"><testcase classname="com.studentapp.junit.SerenityStudentCrudTest" name="posting a new value"/><testcase classname="com.studentapp.junit.SerenityStudentCrudTest" name="retreving value for verification"/><testcase classname="com.studentapp.junit.SerenityStudentCrudTest" name="updating using put"/></testsuite>